WARNING - 2023-03-17 20:22:46 --> [DEPRECATED] json_decode(): Passing null to parameter #1 ($json) of type string is deprecated in APPPATH\Controllers\api\Auth.php on line 68.
 1 APPPATH\Controllers\api\Auth.php(68): json_decode(null, true)
 2 SYSTEMPATH\CodeIgniter.php(934): App\Controllers\api\Auth->login()
 3 SYSTEMPATH\CodeIgniter.php(499): CodeIgniter\CodeIgniter->runController(Object(App\Controllers\api\Auth))
 4 SYSTEMPATH\CodeIgniter.php(368): CodeIgniter\CodeIgniter->handleRequest(null, Object(Config\Cache), false)
 5 FCPATH\index.php(67): CodeIgniter\CodeIgniter->run()
CRITICAL - 2023-03-17 22:32:01 --> Call to undefined method App\Controllers\api\Email::getResponse()
in APPPATH\Controllers\api\Email.php on line 22.
 1 SYSTEMPATH\CodeIgniter.php(934): App\Controllers\api\Email->getMail('$id')
 2 SYSTEMPATH\CodeIgniter.php(499): CodeIgniter\CodeIgniter->runController(Object(App\Controllers\api\Email))
 3 SYSTEMPATH\CodeIgniter.php(368): CodeIgniter\CodeIgniter->handleRequest(null, Object(Config\Cache), false)
 4 FCPATH\index.php(67): CodeIgniter\CodeIgniter->run()
CRITICAL - 2023-03-17 22:34:10 --> no messages
in APPPATH\Models\MsgModel.php on line 33.
 1 APPPATH\Controllers\api\Email.php(27): App\Models\MsgModel->indexMsg('$id')
 2 SYSTEMPATH\CodeIgniter.php(934): App\Controllers\api\Email->getMail('$id')
 3 SYSTEMPATH\CodeIgniter.php(499): CodeIgniter\CodeIgniter->runController(Object(App\Controllers\api\Email))
 4 SYSTEMPATH\CodeIgniter.php(368): CodeIgniter\CodeIgniter->handleRequest(null, Object(Config\Cache), false)
 5 FCPATH\index.php(67): CodeIgniter\CodeIgniter->run()
CRITICAL - 2023-03-17 23:25:32 --> no messages
in APPPATH\Models\MsgModel.php on line 33.
 1 APPPATH\Controllers\api\Email.php(26): App\Models\MsgModel->inboxMsg('$id')
 2 SYSTEMPATH\CodeIgniter.php(934): App\Controllers\api\Email->inbox('$id')
 3 SYSTEMPATH\CodeIgniter.php(499): CodeIgniter\CodeIgniter->runController(Object(App\Controllers\api\Email))
 4 SYSTEMPATH\CodeIgniter.php(368): CodeIgniter\CodeIgniter->handleRequest(null, Object(Config\Cache), false)
 5 FCPATH\index.php(67): CodeIgniter\CodeIgniter->run()
